# JRE version: Java(TM) SE Runtime Environment (8.0_111-b14) (build 1.8.0_111-b14)
# Java VM: Java HotSpot(TM) 64-Bit Server VM (25.111-b14 mixed mode windows-amd64 compressed oops)
Heap:
 PSYoungGen      total 198656K, used 37825K [0x00000000d6100000, 0x00000000e3c00000, 0x0000000100000000)
  eden space 188416K, 14% used [0x00000000d6100000,0x00000000d7bf7d20,0x00000000e1900000)
  from space 10240K, 99% used [0x00000000e2880000,0x00000000e3278a88,0x00000000e3280000)
  to   space 15872K, 0% used [0x00000000e1900000,0x00000000e1900000,0x00000000e2880000)
 ParOldGen       total 65024K, used 23422K [0x0000000082200000, 0x0000000086180000, 0x00000000d6100000)
  object space 65024K, 36% used [0x0000000082200000,0x00000000838dfac8,0x0000000086180000)
 Metaspace       used 29489K, capacity 30414K, committed 30592K, reserved 1075200K
  class space    used 3930K, capacity 4128K, committed 4224K, reserved 1048576K
GC Heap History (10 events):
Event: 7.251 GC heap before
{Heap before GC invocations=5 (full 1):
 PSYoungGen      total 37888K, used 36568K [0x00000000d6100000, 0x00000000d9c80000, 0x0000000100000000)
  eden space 32768K, 99% used [0x00000000d6100000,0x00000000d80ef520,0x00000000d8100000)
  from space 5120K, 75% used [0x00000000d8100000,0x00000000d84c6e70,0x00000000d8600000)
  to   space 5120K, 0% used [0x00000000d9780000,0x00000000d9780000,0x00000000d9c80000)
 ParOldGen       total 65024K, used 10195K [0x0000000082200000, 0x0000000086180000, 0x00000000d6100000)
  object space 65024K, 15% used [0x0000000082200000,0x0000000082bf4cf0,0x0000000086180000)
 Metaspace       used 25244K, capacity 25934K, committed 26240K, reserved 1071104K
  class space    used 3479K, capacity 3638K, committed 3712K, reserved 1048576K
Event: 7.260 GC heap after
Heap after GC invocations=5 (full 1):
 PSYoungGen      total 55808K, used 3836K [0x00000000d6100000, 0x00000000da980000, 0x0000000100000000)
  eden space 50688K, 0% used [0x00000000d6100000,0x00000000d6100000,0x00000000d9280000)
  from space 5120K, 74% used [0x00000000d9780000,0x00000000d9b3f208,0x00000000d9c80000)
  to   space 5120K, 0% used [0x00000000d9280000,0x00000000d9280000,0x00000000d9780000)
 ParOldGen       total 65024K, used 13953K [0x0000000082200000, 0x0000000086180000, 0x00000000d6100000)
  object space 65024K, 21% used [0x0000000082200000,0x0000000082fa0510,0x0000000086180000)
 Metaspace       used 25244K, capacity 25934K, committed 26240K, reserved 1071104K
  class space    used 3479K, capacity 3638K, committed 3712K, reserved 1048576K
}
Event: 7.282 GC heap before
{Heap before GC invocations=6 (full 1):
 PSYoungGen      total 55808K, used 54467K [0x00000000d6100000, 0x00000000da980000, 0x0000000100000000)
  eden space 50688K, 99% used [0x00000000d6100000,0x00000000d9271da8,0x00000000d9280000)
  from space 5120K, 74% used [0x00000000d9780000,0x00000000d9b3f208,0x00000000d9c80000)
  to   space 5120K, 0% used [0x00000000d9280000,0x00000000d9280000,0x00000000d9780000)
 ParOldGen       total 65024K, used 13953K [0x0000000082200000, 0x0000000086180000, 0x00000000d6100000)
  object space 65024K, 21% used [0x0000000082200000,0x0000000082fa0510,0x0000000086180000)
 Metaspace       used 25245K, capacity 25934K, committed 26240K, reserved 1071104K
  class space    used 3479K, capacity 3638K, committed 3712K, reserved 1048576K
Event: 7.287 GC heap after
Heap after GC invocations=6 (full 1):
 PSYoungGen      total 55808K, used 3857K [0x00000000d6100000, 0x00000000dd700000, 0x0000000100000000)
  eden space 50688K, 0% used [0x00000000d6100000,0x00000000d6100000,0x00000000d9280000)
  from space 5120K, 75% used [0x00000000d9280000,0x00000000d9644488,0x00000000d9780000)
  to   space 10752K, 0% used [0x00000000dcc80000,0x00000000dcc80000,0x00000000dd700000)
 ParOldGen       total 65024K, used 13961K [0x0000000082200000, 0x0000000086180000, 0x00000000d6100000)
  object space 65024K, 21% used [0x0000000082200000,0x0000000082fa2510,0x0000000086180000)
 Metaspace       used 25245K, capacity 25934K, committed 26240K, reserved 1071104K
  class space    used 3479K, capacity 3638K, committed 3712K, reserved 1048576K
}
Event: 7.305 GC heap before
{Heap before GC invocations=7 (full 1):
 PSYoungGen      total 55808K, used 54410K [0x00000000d6100000, 0x00000000dd700000, 0x0000000100000000)
  eden space 50688K, 99% used [0x00000000d6100000,0x00000000d925e4f8,0x00000000d9280000)
  from space 5120K, 75% used [0x00000000d9280000,0x00000000d9644488,0x00000000d9780000)
  to   space 10752K, 0% used [0x00000000dcc80000,0x00000000dcc80000,0x00000000dd700000)
 ParOldGen       total 65024K, used 13961K [0x0000000082200000, 0x0000000086180000, 0x00000000d6100000)
  object space 65024K, 21% used [0x0000000082200000,0x0000000082fa2510,0x0000000086180000)
 Metaspace       used 25245K, capacity 25934K, committed 26240K, reserved 1071104K
  class space    used 3479K, capacity 3638K, committed 3712K, reserved 1048576K
Event: 7.310 GC heap after
Heap after GC invocations=7 (full 1):
 PSYoungGen      total 109056K, used 3867K [0x00000000d6100000, 0x00000000dd600000, 0x0000000100000000)
  eden space 99328K, 0% used [0x00000000d6100000,0x00000000d6100000,0x00000000dc200000)
  from space 9728K, 39% used [0x00000000dcc80000,0x00000000dd046fc0,0x00000000dd600000)
  to   space 10240K, 0% used [0x00000000dc200000,0x00000000dc200000,0x00000000dcc00000)
 ParOldGen       total 65024K, used 13969K [0x0000000082200000, 0x0000000086180000, 0x00000000d6100000)
  object space 65024K, 21% used [0x0000000082200000,0x0000000082fa4510,0x0000000086180000)
 Metaspace       used 25245K, capacity 25934K, committed 26240K, reserved 1071104K
  class space    used 3479K, capacity 3638K, committed 3712K, reserved 1048576K
}
Event: 7.346 GC heap before
{Heap before GC invocations=8 (full 1):
 PSYoungGen      total 109056K, used 103123K [0x00000000d6100000, 0x00000000dd600000, 0x0000000100000000)
  eden space 99328K, 99% used [0x00000000d6100000,0x00000000dc1edf80,0x00000000dc200000)
  from space 9728K, 39% used [0x00000000dcc80000,0x00000000dd046fc0,0x00000000dd600000)
  to   space 10240K, 0% used [0x00000000dc200000,0x00000000dc200000,0x00000000dcc00000)
 ParOldGen       total 65024K, used 13969K [0x0000000082200000, 0x0000000086180000, 0x00000000d6100000)
  object space 65024K, 21% used [0x0000000082200000,0x0000000082fa4510,0x0000000086180000)
 Metaspace       used 25245K, capacity 25934K, committed 26240K, reserved 1071104K
  class space    used 3479K, capacity 3638K, committed 3712K, reserved 1048576K
Event: 7.349 GC heap after
Heap after GC invocations=8 (full 1):
 PSYoungGen      total 109568K, used 3893K [0x00000000d6100000, 0x00000000e3280000, 0x0000000100000000)
  eden space 99328K, 0% used [0x00000000d6100000,0x00000000d6100000,0x00000000dc200000)
  from space 10240K, 38% used [0x00000000dc200000,0x00000000dc5cd6e0,0x00000000dcc00000)
  to   space 10240K, 0% used [0x00000000e2880000,0x00000000e2880000,0x00000000e3280000)
 ParOldGen       total 65024K, used 13969K [0x0000000082200000, 0x0000000086180000, 0x00000000d6100000)
  object space 65024K, 21% used [0x0000000082200000,0x0000000082fa4510,0x0000000086180000)
 Metaspace       used 25245K, capacity 25934K, committed 26240K, reserved 1071104K
  class space    used 3479K, capacity 3638K, committed 3712K, reserved 1048576K
}
Event: 11.148 GC heap before
{Heap before GC invocations=9 (full 1):
 PSYoungGen      total 109568K, used 103221K [0x00000000d6100000, 0x00000000e3280000, 0x0000000100000000)
  eden space 99328K, 100% used [0x00000000d6100000,0x00000000dc200000,0x00000000dc200000)
  from space 10240K, 38% used [0x00000000dc200000,0x00000000dc5cd6e0,0x00000000dcc00000)
  to   space 10240K, 0% used [0x00000000e2880000,0x00000000e2880000,0x00000000e3280000)
 ParOldGen       total 65024K, used 13969K [0x0000000082200000, 0x0000000086180000, 0x00000000d6100000)
  object space 65024K, 21% used [0x0000000082200000,0x0000000082fa4510,0x0000000086180000)
 Metaspace       used 29191K, capacity 30070K, committed 30336K, reserved 1075200K
  class space    used 3904K, capacity 4122K, committed 4224K, reserved 1048576K
Event: 11.163 GC heap after
Heap after GC invocations=9 (full 1):
 PSYoungGen      total 198656K, used 10210K [0x00000000d6100000, 0x00000000e3c00000, 0x0000000100000000)
  eden space 188416K, 0% used [0x00000000d6100000,0x00000000d6100000,0x00000000e1900000)
  from space 10240K, 99% used [0x00000000e2880000,0x00000000e3278a88,0x00000000e3280000)
  to   space 15872K, 0% used [0x00000000e1900000,0x00000000e1900000,0x00000000e2880000)
 ParOldGen       total 65024K, used 23422K [0x0000000082200000, 0x0000000086180000, 0x00000000d6100000)
  object space 65024K, 36% used [0x0000000082200000,0x00000000838dfac8,0x0000000086180000)
 Metaspace       used 29191K, capacity 30070K, committed 30336K, reserved 1075200K
  class space    used 3904K, capacity 4122K, committed 4224K, reserved 1048576K
}

