# JRE version: Java(TM) SE Runtime Environment (8.0_111-b14) (build 1.8.0_111-b14)
# Java VM: Java HotSpot(TM) 64-Bit Server VM (25.111-b14 mixed mode windows-amd64 compressed oops)
Heap:
 PSYoungGen      total 201728K, used 165014K [0x00000000d6100000, 0x00000000e9880000, 0x0000000100000000)
  eden space 183808K, 80% used [0x00000000d6100000,0x00000000df106c58,0x00000000e1480000)
  from space 17920K, 97% used [0x00000000e1480000,0x00000000e259ed60,0x00000000e2600000)
  to   space 20992K, 0% used [0x00000000e8400000,0x00000000e8400000,0x00000000e9880000)
 ParOldGen       total 77312K, used 25490K [0x0000000082200000, 0x0000000086d80000, 0x00000000d6100000)
  object space 77312K, 32% used [0x0000000082200000,0x0000000083ae4838,0x0000000086d80000)
 Metaspace       used 32431K, capacity 33572K, committed 33712K, reserved 1079296K
  class space    used 4462K, capacity 4733K, committed 4784K, reserved 1048576K
GC Heap History (10 events):
Event: 3.703 GC heap before
{Heap before GC invocations=6 (full 1):
 PSYoungGen      total 56832K, used 56458K [0x00000000d6100000, 0x00000000da680000, 0x0000000100000000)
  eden space 51712K, 99% used [0x00000000d6100000,0x00000000d937c8e0,0x00000000d9380000)
  from space 5120K, 92% used [0x00000000d9880000,0x00000000d9d26020,0x00000000d9d80000)
  to   space 5120K, 0% used [0x00000000d9380000,0x00000000d9380000,0x00000000d9880000)
 ParOldGen       total 77312K, used 20876K [0x0000000082200000, 0x0000000086d80000, 0x00000000d6100000)
  object space 77312K, 27% used [0x0000000082200000,0x0000000083663010,0x0000000086d80000)
 Metaspace       used 25624K, capacity 26384K, committed 26544K, reserved 1073152K
  class space    used 3528K, capacity 3719K, committed 3760K, reserved 1048576K
Event: 3.710 GC heap after
Heap after GC invocations=6 (full 1):
 PSYoungGen      total 56832K, used 4764K [0x00000000d6100000, 0x00000000de180000, 0x0000000100000000)
  eden space 51712K, 0% used [0x00000000d6100000,0x00000000d6100000,0x00000000d9380000)
  from space 5120K, 93% used [0x00000000d9380000,0x00000000d9827380,0x00000000d9880000)
  to   space 16896K, 0% used [0x00000000dd100000,0x00000000dd100000,0x00000000de180000)
 ParOldGen       total 77312K, used 20884K [0x0000000082200000, 0x0000000086d80000, 0x00000000d6100000)
  object space 77312K, 27% used [0x0000000082200000,0x0000000083665010,0x0000000086d80000)
 Metaspace       used 25624K, capacity 26384K, committed 26544K, reserved 1073152K
  class space    used 3528K, capacity 3719K, committed 3760K, reserved 1048576K
}
Event: 3.727 GC heap before
{Heap before GC invocations=7 (full 1):
 PSYoungGen      total 56832K, used 56456K [0x00000000d6100000, 0x00000000de180000, 0x0000000100000000)
  eden space 51712K, 99% used [0x00000000d6100000,0x00000000d937ad80,0x00000000d9380000)
  from space 5120K, 93% used [0x00000000d9380000,0x00000000d9827380,0x00000000d9880000)
  to   space 16896K, 0% used [0x00000000dd100000,0x00000000dd100000,0x00000000de180000)
 ParOldGen       total 77312K, used 20884K [0x0000000082200000, 0x0000000086d80000, 0x00000000d6100000)
  object space 77312K, 27% used [0x0000000082200000,0x0000000083665010,0x0000000086d80000)
 Metaspace       used 25626K, capacity 26384K, committed 26544K, reserved 1073152K
  class space    used 3528K, capacity 3719K, committed 3760K, reserved 1048576K
Event: 3.730 GC heap after
Heap after GC invocations=7 (full 1):
 PSYoungGen      total 113664K, used 4808K [0x00000000d6100000, 0x00000000de000000, 0x0000000100000000)
  eden space 98304K, 0% used [0x00000000d6100000,0x00000000d6100000,0x00000000dc100000)
  from space 15360K, 31% used [0x00000000dd100000,0x00000000dd5b2288,0x00000000de000000)
  to   space 15872K, 0% used [0x00000000dc100000,0x00000000dc100000,0x00000000dd080000)
 ParOldGen       total 77312K, used 20892K [0x0000000082200000, 0x0000000086d80000, 0x00000000d6100000)
  object space 77312K, 27% used [0x0000000082200000,0x0000000083667010,0x0000000086d80000)
 Metaspace       used 25626K, capacity 26384K, committed 26544K, reserved 1073152K
  class space    used 3528K, capacity 3719K, committed 3760K, reserved 1048576K
}
Event: 3.770 GC heap before
{Heap before GC invocations=8 (full 1):
 PSYoungGen      total 113664K, used 103042K [0x00000000d6100000, 0x00000000de000000, 0x0000000100000000)
  eden space 98304K, 99% used [0x00000000d6100000,0x00000000dc0ee648,0x00000000dc100000)
  from space 15360K, 31% used [0x00000000dd100000,0x00000000dd5b2288,0x00000000de000000)
  to   space 15872K, 0% used [0x00000000dc100000,0x00000000dc100000,0x00000000dd080000)
 ParOldGen       total 77312K, used 20892K [0x0000000082200000, 0x0000000086d80000, 0x00000000d6100000)
  object space 77312K, 27% used [0x0000000082200000,0x0000000083667010,0x0000000086d80000)
 Metaspace       used 25626K, capacity 26384K, committed 26544K, reserved 1073152K
  class space    used 3528K, capacity 3719K, committed 3760K, reserved 1048576K
Event: 3.775 GC heap after
Heap after GC invocations=8 (full 1):
 PSYoungGen      total 114176K, used 4882K [0x00000000d6100000, 0x00000000e3580000, 0x0000000100000000)
  eden space 98304K, 0% used [0x00000000d6100000,0x00000000d6100000,0x00000000dc100000)
  from space 15872K, 30% used [0x00000000dc100000,0x00000000dc5c4950,0x00000000dd080000)
  to   space 15360K, 0% used [0x00000000e2680000,0x00000000e2680000,0x00000000e3580000)
 ParOldGen       total 77312K, used 20892K [0x0000000082200000, 0x0000000086d80000, 0x00000000d6100000)
  object space 77312K, 27% used [0x0000000082200000,0x0000000083667010,0x0000000086d80000)
 Metaspace       used 25626K, capacity 26384K, committed 26544K, reserved 1073152K
  class space    used 3528K, capacity 3719K, committed 3760K, reserved 1048576K
}
Event: 7.296 GC heap before
{Heap before GC invocations=9 (full 1):
 PSYoungGen      total 114176K, used 103186K [0x00000000d6100000, 0x00000000e3580000, 0x0000000100000000)
  eden space 98304K, 100% used [0x00000000d6100000,0x00000000dc100000,0x00000000dc100000)
  from space 15872K, 30% used [0x00000000dc100000,0x00000000dc5c4950,0x00000000dd080000)
  to   space 15360K, 0% used [0x00000000e2680000,0x00000000e2680000,0x00000000e3580000)
 ParOldGen       total 77312K, used 20892K [0x0000000082200000, 0x0000000086d80000, 0x00000000d6100000)
  object space 77312K, 27% used [0x0000000082200000,0x0000000083667010,0x0000000086d80000)
 Metaspace       used 31270K, capacity 32312K, committed 32560K, reserved 1077248K
  class space    used 4361K, capacity 4627K, committed 4656K, reserved 1048576K
Event: 7.316 GC heap after
Heap after GC invocations=9 (full 1):
 PSYoungGen      total 199168K, used 15079K [0x00000000d6100000, 0x00000000e3780000, 0x0000000100000000)
  eden space 183808K, 0% used [0x00000000d6100000,0x00000000d6100000,0x00000000e1480000)
  from space 15360K, 98% used [0x00000000e2680000,0x00000000e3539dd0,0x00000000e3580000)
  to   space 17920K, 0% used [0x00000000e1480000,0x00000000e1480000,0x00000000e2600000)
 ParOldGen       total 77312K, used 25474K [0x0000000082200000, 0x0000000086d80000, 0x00000000d6100000)
  object space 77312K, 32% used [0x0000000082200000,0x0000000083ae0838,0x0000000086d80000)
 Metaspace       used 31270K, capacity 32312K, committed 32560K, reserved 1077248K
  class space    used 4361K, capacity 4627K, committed 4656K, reserved 1048576K
}
Event: 11.977 GC heap before
{Heap before GC invocations=10 (full 1):
 PSYoungGen      total 199168K, used 198887K [0x00000000d6100000, 0x00000000e3780000, 0x0000000100000000)
  eden space 183808K, 100% used [0x00000000d6100000,0x00000000e1480000,0x00000000e1480000)
  from space 15360K, 98% used [0x00000000e2680000,0x00000000e3539dd0,0x00000000e3580000)
  to   space 17920K, 0% used [0x00000000e1480000,0x00000000e1480000,0x00000000e2600000)
 ParOldGen       total 77312K, used 25474K [0x0000000082200000, 0x0000000086d80000, 0x00000000d6100000)
  object space 77312K, 32% used [0x0000000082200000,0x0000000083ae0838,0x0000000086d80000)
 Metaspace       used 32091K, capacity 33140K, committed 33456K, reserved 1077248K
  class space    used 4441K, capacity 4721K, committed 4784K, reserved 1048576K
Event: 12.057 GC heap after
Heap after GC invocations=10 (full 1):
 PSYoungGen      total 201728K, used 17531K [0x00000000d6100000, 0x00000000e9880000, 0x0000000100000000)
  eden space 183808K, 0% used [0x00000000d6100000,0x00000000d6100000,0x00000000e1480000)
  from space 17920K, 97% used [0x00000000e1480000,0x00000000e259ed60,0x00000000e2600000)
  to   space 20992K, 0% used [0x00000000e8400000,0x00000000e8400000,0x00000000e9880000)
 ParOldGen       total 77312K, used 25490K [0x0000000082200000, 0x0000000086d80000, 0x00000000d6100000)
  object space 77312K, 32% used [0x0000000082200000,0x0000000083ae4838,0x0000000086d80000)
 Metaspace       used 32091K, capacity 33140K, committed 33456K, reserved 1077248K
  class space    used 4441K, capacity 4721K, committed 4784K, reserved 1048576K
}

