# JRE version: Java(TM) SE Runtime Environment (8.0_111-b14) (build 1.8.0_111-b14)
# Java VM: Java HotSpot(TM) 64-Bit Server VM (25.111-b14 mixed mode windows-amd64 compressed oops)
Heap:
 PSYoungGen      total 183808K, used 170026K [0x00000000d6100000, 0x00000000e7980000, 0x0000000100000000)
  eden space 166912K, 92% used [0x00000000d6100000,0x00000000df74f9b0,0x00000000e0400000)
  from space 16896K, 95% used [0x00000000e0400000,0x00000000e13bb218,0x00000000e1480000)
  to   space 19456K, 0% used [0x00000000e6680000,0x00000000e6680000,0x00000000e7980000)
 ParOldGen       total 80896K, used 30737K [0x0000000082200000, 0x0000000087100000, 0x00000000d6100000)
  object space 80896K, 37% used [0x0000000082200000,0x00000000840044a8,0x0000000087100000)
 Metaspace       used 32305K, capacity 33432K, committed 33712K, reserved 1079296K
  class space    used 4449K, capacity 4727K, committed 4784K, reserved 1048576K
GC Heap History (10 events):
Event: 3.595 GC heap before
{Heap before GC invocations=6 (full 1):
 PSYoungGen      total 52736K, used 52371K [0x00000000d6100000, 0x00000000da600000, 0x0000000100000000)
  eden space 47616K, 99% used [0x00000000d6100000,0x00000000d8f6ad90,0x00000000d8f80000)
  from space 5120K, 94% used [0x00000000d9480000,0x00000000d993a0e8,0x00000000d9980000)
  to   space 5120K, 0% used [0x00000000d8f80000,0x00000000d8f80000,0x00000000d9480000)
 ParOldGen       total 80896K, used 23510K [0x0000000082200000, 0x0000000087100000, 0x00000000d6100000)
  object space 80896K, 29% used [0x0000000082200000,0x00000000838f5860,0x0000000087100000)
 Metaspace       used 25630K, capacity 26390K, committed 26544K, reserved 1073152K
  class space    used 3528K, capacity 3720K, committed 3760K, reserved 1048576K
Event: 3.601 GC heap after
Heap after GC invocations=6 (full 1):
 PSYoungGen      total 52736K, used 4794K [0x00000000d6100000, 0x00000000dd980000, 0x0000000100000000)
  eden space 47616K, 0% used [0x00000000d6100000,0x00000000d6100000,0x00000000d8f80000)
  from space 5120K, 93% used [0x00000000d8f80000,0x00000000d942e940,0x00000000d9480000)
  to   space 16896K, 0% used [0x00000000dc900000,0x00000000dc900000,0x00000000dd980000)
 ParOldGen       total 80896K, used 26135K [0x0000000082200000, 0x0000000087100000, 0x00000000d6100000)
  object space 80896K, 32% used [0x0000000082200000,0x0000000083b85c70,0x0000000087100000)
 Metaspace       used 25630K, capacity 26390K, committed 26544K, reserved 1073152K
  class space    used 3528K, capacity 3720K, committed 3760K, reserved 1048576K
}
Event: 3.617 GC heap before
{Heap before GC invocations=7 (full 1):
 PSYoungGen      total 52736K, used 52349K [0x00000000d6100000, 0x00000000dd980000, 0x0000000100000000)
  eden space 47616K, 99% used [0x00000000d6100000,0x00000000d8f70c98,0x00000000d8f80000)
  from space 5120K, 93% used [0x00000000d8f80000,0x00000000d942e940,0x00000000d9480000)
  to   space 16896K, 0% used [0x00000000dc900000,0x00000000dc900000,0x00000000dd980000)
 ParOldGen       total 80896K, used 26135K [0x0000000082200000, 0x0000000087100000, 0x00000000d6100000)
  object space 80896K, 32% used [0x0000000082200000,0x0000000083b85c70,0x0000000087100000)
 Metaspace       used 25632K, capacity 26390K, committed 26544K, reserved 1073152K
  class space    used 3528K, capacity 3720K, committed 3760K, reserved 1048576K
Event: 3.621 GC heap after
Heap after GC invocations=7 (full 1):
 PSYoungGen      total 105472K, used 4836K [0x00000000d6100000, 0x00000000dd800000, 0x0000000100000000)
  eden space 90112K, 0% used [0x00000000d6100000,0x00000000d6100000,0x00000000db900000)
  from space 15360K, 31% used [0x00000000dc900000,0x00000000dcdb91a8,0x00000000dd800000)
  to   space 15872K, 0% used [0x00000000db900000,0x00000000db900000,0x00000000dc880000)
 ParOldGen       total 80896K, used 26143K [0x0000000082200000, 0x0000000087100000, 0x00000000d6100000)
  object space 80896K, 32% used [0x0000000082200000,0x0000000083b87c70,0x0000000087100000)
 Metaspace       used 25632K, capacity 26390K, committed 26544K, reserved 1073152K
  class space    used 3528K, capacity 3720K, committed 3760K, reserved 1048576K
}
Event: 3.652 GC heap before
{Heap before GC invocations=8 (full 1):
 PSYoungGen      total 105472K, used 94948K [0x00000000d6100000, 0x00000000dd800000, 0x0000000100000000)
  eden space 90112K, 100% used [0x00000000d6100000,0x00000000db900000,0x00000000db900000)
  from space 15360K, 31% used [0x00000000dc900000,0x00000000dcdb91a8,0x00000000dd800000)
  to   space 15872K, 0% used [0x00000000db900000,0x00000000db900000,0x00000000dc880000)
 ParOldGen       total 80896K, used 26143K [0x0000000082200000, 0x0000000087100000, 0x00000000d6100000)
  object space 80896K, 32% used [0x0000000082200000,0x0000000083b87c70,0x0000000087100000)
 Metaspace       used 25632K, capacity 26390K, committed 26544K, reserved 1073152K
  class space    used 3528K, capacity 3720K, committed 3760K, reserved 1048576K
Event: 3.656 GC heap after
Heap after GC invocations=8 (full 1):
 PSYoungGen      total 105984K, used 4827K [0x00000000d6100000, 0x00000000e2500000, 0x0000000100000000)
  eden space 90112K, 0% used [0x00000000d6100000,0x00000000d6100000,0x00000000db900000)
  from space 15872K, 30% used [0x00000000db900000,0x00000000dbdb6fc8,0x00000000dc880000)
  to   space 15360K, 0% used [0x00000000e1600000,0x00000000e1600000,0x00000000e2500000)
 ParOldGen       total 80896K, used 26143K [0x0000000082200000, 0x0000000087100000, 0x00000000d6100000)
  object space 80896K, 32% used [0x0000000082200000,0x0000000083b87c70,0x0000000087100000)
 Metaspace       used 25632K, capacity 26390K, committed 26544K, reserved 1073152K
  class space    used 3528K, capacity 3720K, committed 3760K, reserved 1048576K
}
Event: 6.361 GC heap before
{Heap before GC invocations=9 (full 1):
 PSYoungGen      total 105984K, used 94939K [0x00000000d6100000, 0x00000000e2500000, 0x0000000100000000)
  eden space 90112K, 100% used [0x00000000d6100000,0x00000000db900000,0x00000000db900000)
  from space 15872K, 30% used [0x00000000db900000,0x00000000dbdb6fc8,0x00000000dc880000)
  to   space 15360K, 0% used [0x00000000e1600000,0x00000000e1600000,0x00000000e2500000)
 ParOldGen       total 80896K, used 26143K [0x0000000082200000, 0x0000000087100000, 0x00000000d6100000)
  object space 80896K, 32% used [0x0000000082200000,0x0000000083b87c70,0x0000000087100000)
 Metaspace       used 30771K, capacity 31780K, committed 32048K, reserved 1077248K
  class space    used 4342K, capacity 4585K, committed 4656K, reserved 1048576K
Event: 6.375 GC heap after
Heap after GC invocations=9 (full 1):
 PSYoungGen      total 182272K, used 12472K [0x00000000d6100000, 0x00000000e2500000, 0x0000000100000000)
  eden space 166912K, 0% used [0x00000000d6100000,0x00000000d6100000,0x00000000e0400000)
  from space 15360K, 81% used [0x00000000e1600000,0x00000000e222e178,0x00000000e2500000)
  to   space 16896K, 0% used [0x00000000e0400000,0x00000000e0400000,0x00000000e1480000)
 ParOldGen       total 80896K, used 30713K [0x0000000082200000, 0x0000000087100000, 0x00000000d6100000)
  object space 80896K, 37% used [0x0000000082200000,0x0000000083ffe4a8,0x0000000087100000)
 Metaspace       used 30771K, capacity 31780K, committed 32048K, reserved 1077248K
  class space    used 4342K, capacity 4585K, committed 4656K, reserved 1048576K
}
Event: 11.095 GC heap before
{Heap before GC invocations=10 (full 1):
 PSYoungGen      total 182272K, used 179384K [0x00000000d6100000, 0x00000000e2500000, 0x0000000100000000)
  eden space 166912K, 100% used [0x00000000d6100000,0x00000000e0400000,0x00000000e0400000)
  from space 15360K, 81% used [0x00000000e1600000,0x00000000e222e178,0x00000000e2500000)
  to   space 16896K, 0% used [0x00000000e0400000,0x00000000e0400000,0x00000000e1480000)
 ParOldGen       total 80896K, used 30713K [0x0000000082200000, 0x0000000087100000, 0x00000000d6100000)
  object space 80896K, 37% used [0x0000000082200000,0x0000000083ffe4a8,0x0000000087100000)
 Metaspace       used 31981K, capacity 33028K, committed 33200K, reserved 1077248K
  class space    used 4427K, capacity 4683K, committed 4784K, reserved 1048576K
Event: 11.109 GC heap after
Heap after GC invocations=10 (full 1):
 PSYoungGen      total 183808K, used 16108K [0x00000000d6100000, 0x00000000e7980000, 0x0000000100000000)
  eden space 166912K, 0% used [0x00000000d6100000,0x00000000d6100000,0x00000000e0400000)
  from space 16896K, 95% used [0x00000000e0400000,0x00000000e13bb218,0x00000000e1480000)
  to   space 19456K, 0% used [0x00000000e6680000,0x00000000e6680000,0x00000000e7980000)
 ParOldGen       total 80896K, used 30737K [0x0000000082200000, 0x0000000087100000, 0x00000000d6100000)
  object space 80896K, 37% used [0x0000000082200000,0x00000000840044a8,0x0000000087100000)
 Metaspace       used 31981K, capacity 33028K, committed 33200K, reserved 1077248K
  class space    used 4427K, capacity 4683K, committed 4784K, reserved 1048576K
}

