# JRE version: Java(TM) SE Runtime Environment (8.0_111-b14) (build 1.8.0_111-b14)
# Java VM: Java HotSpot(TM) 64-Bit Server VM (25.111-b14 mixed mode windows-amd64 compressed oops)
Heap:
 PSYoungGen      total 204800K, used 31549K [0x00000000d6100000, 0x00000000e4000000, 0x0000000100000000)
  eden space 195072K, 14% used [0x00000000d6100000,0x00000000d7d04a28,0x00000000e1f80000)
  from space 9728K, 29% used [0x00000000e2e00000,0x00000000e30cabc0,0x00000000e3780000)
  to   space 14848K, 0% used [0x00000000e1f80000,0x00000000e1f80000,0x00000000e2e00000)
 ParOldGen       total 61952K, used 26384K [0x0000000082200000, 0x0000000085e80000, 0x00000000d6100000)
  object space 61952K, 42% used [0x0000000082200000,0x0000000083bc4048,0x0000000085e80000)
 Metaspace       used 30883K, capacity 31822K, committed 31872K, reserved 1077248K
  class space    used 3988K, capacity 4182K, committed 4224K, reserved 1048576K
GC Heap History (10 events):
Event: 6.248 GC heap before
{Heap before GC invocations=7 (full 1):
 PSYoungGen      total 57856K, used 56533K [0x00000000d6100000, 0x00000000dda00000, 0x0000000100000000)
  eden space 52736K, 99% used [0x00000000d6100000,0x00000000d9478a90,0x00000000d9480000)
  from space 5120K, 74% used [0x00000000d9480000,0x00000000d983cc40,0x00000000d9980000)
  to   space 10752K, 0% used [0x00000000dcf80000,0x00000000dcf80000,0x00000000dda00000)
 ParOldGen       total 61952K, used 10180K [0x0000000082200000, 0x0000000085e80000, 0x00000000d6100000)
  object space 61952K, 16% used [0x0000000082200000,0x0000000082bf13e8,0x0000000085e80000)
 Metaspace       used 25271K, capacity 26034K, committed 26240K, reserved 1071104K
  class space    used 3480K, capacity 3670K, committed 3712K, reserved 1048576K
Event: 6.251 GC heap after
Heap after GC invocations=7 (full 1):
 PSYoungGen      total 113152K, used 3900K [0x00000000d6100000, 0x00000000dd980000, 0x0000000100000000)
  eden space 102912K, 0% used [0x00000000d6100000,0x00000000d6100000,0x00000000dc580000)
  from space 10240K, 38% used [0x00000000dcf80000,0x00000000dd34f360,0x00000000dd980000)
  to   space 10240K, 0% used [0x00000000dc580000,0x00000000dc580000,0x00000000dcf80000)
 ParOldGen       total 61952K, used 10188K [0x0000000082200000, 0x0000000085e80000, 0x00000000d6100000)
  object space 61952K, 16% used [0x0000000082200000,0x0000000082bf33e8,0x0000000085e80000)
 Metaspace       used 25271K, capacity 26034K, committed 26240K, reserved 1071104K
  class space    used 3480K, capacity 3670K, committed 3712K, reserved 1048576K
}
Event: 6.289 GC heap before
{Heap before GC invocations=8 (full 1):
 PSYoungGen      total 113152K, used 106812K [0x00000000d6100000, 0x00000000dd980000, 0x0000000100000000)
  eden space 102912K, 100% used [0x00000000d6100000,0x00000000dc580000,0x00000000dc580000)
  from space 10240K, 38% used [0x00000000dcf80000,0x00000000dd34f360,0x00000000dd980000)
  to   space 10240K, 0% used [0x00000000dc580000,0x00000000dc580000,0x00000000dcf80000)
 ParOldGen       total 61952K, used 10188K [0x0000000082200000, 0x0000000085e80000, 0x00000000d6100000)
  object space 61952K, 16% used [0x0000000082200000,0x0000000082bf33e8,0x0000000085e80000)
 Metaspace       used 25289K, capacity 26034K, committed 26240K, reserved 1071104K
  class space    used 3482K, capacity 3670K, committed 3712K, reserved 1048576K
Event: 6.292 GC heap after
Heap after GC invocations=8 (full 1):
 PSYoungGen      total 113152K, used 3927K [0x00000000d6100000, 0x00000000e3780000, 0x0000000100000000)
  eden space 102912K, 0% used [0x00000000d6100000,0x00000000d6100000,0x00000000dc580000)
  from space 10240K, 38% used [0x00000000dc580000,0x00000000dc955cc0,0x00000000dcf80000)
  to   space 9728K, 0% used [0x00000000e2e00000,0x00000000e2e00000,0x00000000e3780000)
 ParOldGen       total 61952K, used 10196K [0x0000000082200000, 0x0000000085e80000, 0x00000000d6100000)
  object space 61952K, 16% used [0x0000000082200000,0x0000000082bf53e8,0x0000000085e80000)
 Metaspace       used 25289K, capacity 26034K, committed 26240K, reserved 1071104K
  class space    used 3482K, capacity 3670K, committed 3712K, reserved 1048576K
}
Event: 10.174 GC heap before
{Heap before GC invocations=9 (full 1):
 PSYoungGen      total 113152K, used 106833K [0x00000000d6100000, 0x00000000e3780000, 0x0000000100000000)
  eden space 102912K, 99% used [0x00000000d6100000,0x00000000dc57e870,0x00000000dc580000)
  from space 10240K, 38% used [0x00000000dc580000,0x00000000dc955cc0,0x00000000dcf80000)
  to   space 9728K, 0% used [0x00000000e2e00000,0x00000000e2e00000,0x00000000e3780000)
 ParOldGen       total 61952K, used 10196K [0x0000000082200000, 0x0000000085e80000, 0x00000000d6100000)
  object space 61952K, 16% used [0x0000000082200000,0x0000000082bf53e8,0x0000000085e80000)
 Metaspace       used 29630K, capacity 30504K, committed 30848K, reserved 1075200K
  class space    used 3914K, capacity 4119K, committed 4224K, reserved 1048576K
Event: 10.191 GC heap after
Heap after GC invocations=9 (full 1):
 PSYoungGen      total 204800K, used 9697K [0x00000000d6100000, 0x00000000e4000000, 0x0000000100000000)
  eden space 195072K, 0% used [0x00000000d6100000,0x00000000d6100000,0x00000000e1f80000)
  from space 9728K, 99% used [0x00000000e2e00000,0x00000000e3778750,0x00000000e3780000)
  to   space 14848K, 0% used [0x00000000e1f80000,0x00000000e1f80000,0x00000000e2e00000)
 ParOldGen       total 61952K, used 18387K [0x0000000082200000, 0x0000000085e80000, 0x00000000d6100000)
  object space 61952K, 29% used [0x0000000082200000,0x00000000833f4fc0,0x0000000085e80000)
 Metaspace       used 29630K, capacity 30504K, committed 30848K, reserved 1075200K
  class space    used 3914K, capacity 4119K, committed 4224K, reserved 1048576K
}
Event: 13.017 GC heap before
{Heap before GC invocations=10 (full 1):
 PSYoungGen      total 204800K, used 204769K [0x00000000d6100000, 0x00000000e4000000, 0x0000000100000000)
  eden space 195072K, 100% used [0x00000000d6100000,0x00000000e1f80000,0x00000000e1f80000)
  from space 9728K, 99% used [0x00000000e2e00000,0x00000000e3778750,0x00000000e3780000)
  to   space 14848K, 0% used [0x00000000e1f80000,0x00000000e1f80000,0x00000000e2e00000)
 ParOldGen       total 61952K, used 18387K [0x0000000082200000, 0x0000000085e80000, 0x00000000d6100000)
  object space 61952K, 29% used [0x0000000082200000,0x00000000833f4fc0,0x0000000085e80000)
 Metaspace       used 30712K, capacity 31582K, committed 31872K, reserved 1077248K
  class space    used 3972K, capacity 4168K, committed 4224K, reserved 1048576K
Event: 13.025 GC heap after
Heap after GC invocations=10 (full 1):
 PSYoungGen      total 209920K, used 11133K [0x00000000d6100000, 0x00000000e4000000, 0x0000000100000000)
  eden space 195072K, 0% used [0x00000000d6100000,0x00000000d6100000,0x00000000e1f80000)
  from space 14848K, 74% used [0x00000000e1f80000,0x00000000e2a5f6e8,0x00000000e2e00000)
  to   space 9728K, 0% used [0x00000000e2e00000,0x00000000e2e00000,0x00000000e3780000)
 ParOldGen       total 61952K, used 18395K [0x0000000082200000, 0x0000000085e80000, 0x00000000d6100000)
  object space 61952K, 29% used [0x0000000082200000,0x00000000833f6fc0,0x0000000085e80000)
 Metaspace       used 30712K, capacity 31582K, committed 31872K, reserved 1077248K
  class space    used 3972K, capacity 4168K, committed 4224K, reserved 1048576K
}
Event: 13.251 GC heap before
{Heap before GC invocations=11 (full 1):
 PSYoungGen      total 209920K, used 206205K [0x00000000d6100000, 0x00000000e4000000, 0x0000000100000000)
  eden space 195072K, 100% used [0x00000000d6100000,0x00000000e1f80000,0x00000000e1f80000)
  from space 14848K, 74% used [0x00000000e1f80000,0x00000000e2a5f6e8,0x00000000e2e00000)
  to   space 9728K, 0% used [0x00000000e2e00000,0x00000000e2e00000,0x00000000e3780000)
 ParOldGen       total 61952K, used 18537K [0x0000000082200000, 0x0000000085e80000, 0x00000000d6100000)
  object space 61952K, 29% used [0x0000000082200000,0x000000008341a460,0x0000000085e80000)
 Metaspace       used 30858K, capacity 31822K, committed 31872K, reserved 1077248K
  class space    used 3988K, capacity 4182K, committed 4224K, reserved 1048576K
Event: 13.258 GC heap after
Heap after GC invocations=11 (full 1):
 PSYoungGen      total 204800K, used 2858K [0x00000000d6100000, 0x00000000e4000000, 0x0000000100000000)
  eden space 195072K, 0% used [0x00000000d6100000,0x00000000d6100000,0x00000000e1f80000)
  from space 9728K, 29% used [0x00000000e2e00000,0x00000000e30cabc0,0x00000000e3780000)
  to   space 14848K, 0% used [0x00000000e1f80000,0x00000000e1f80000,0x00000000e2e00000)
 ParOldGen       total 61952K, used 26384K [0x0000000082200000, 0x0000000085e80000, 0x00000000d6100000)
  object space 61952K, 42% used [0x0000000082200000,0x0000000083bc4048,0x0000000085e80000)
 Metaspace       used 30858K, capacity 31822K, committed 31872K, reserved 1077248K
  class space    used 3988K, capacity 4182K, committed 4224K, reserved 1048576K
}

