# JRE version: Java(TM) SE Runtime Environment (8.0_111-b14) (build 1.8.0_111-b14)
# Java VM: Java HotSpot(TM) 64-Bit Server VM (25.111-b14 mixed mode windows-amd64 compressed oops)
Heap:
 PSYoungGen      total 178688K, used 64793K [0x00000000d6100000, 0x00000000e2180000, 0x0000000100000000)
  eden space 164352K, 32% used [0x00000000d6100000,0x00000000d94a0f48,0x00000000e0180000)
  from space 14336K, 83% used [0x00000000e1380000,0x00000000e1f25680,0x00000000e2180000)
  to   space 16384K, 0% used [0x00000000e0180000,0x00000000e0180000,0x00000000e1180000)
 ParOldGen       total 80896K, used 33699K [0x0000000082200000, 0x0000000087100000, 0x00000000d6100000)
  object space 80896K, 41% used [0x0000000082200000,0x00000000842e8ce8,0x0000000087100000)
 Metaspace       used 31586K, capacity 32592K, committed 32944K, reserved 1077248K
  class space    used 4388K, capacity 4669K, committed 4784K, reserved 1048576K
GC Heap History (10 events):
Event: 3.781 GC heap before
{Heap before GC invocations=5 (full 1):
 PSYoungGen      total 37888K, used 37492K [0x00000000d6100000, 0x00000000d9a00000, 0x0000000100000000)
  eden space 32768K, 99% used [0x00000000d6100000,0x00000000d80f4948,0x00000000d8100000)
  from space 5120K, 93% used [0x00000000d8100000,0x00000000d85a88c0,0x00000000d8600000)
  to   space 5120K, 0% used [0x00000000d9500000,0x00000000d9500000,0x00000000d9a00000)
 ParOldGen       total 80896K, used 29100K [0x0000000082200000, 0x0000000087100000, 0x00000000d6100000)
  object space 80896K, 35% used [0x0000000082200000,0x0000000083e6b0b0,0x0000000087100000)
 Metaspace       used 25649K, capacity 26384K, committed 26544K, reserved 1073152K
  class space    used 3533K, capacity 3719K, committed 3760K, reserved 1048576K
Event: 3.787 GC heap after
Heap after GC invocations=5 (full 1):
 PSYoungGen      total 53248K, used 4791K [0x00000000d6100000, 0x00000000da500000, 0x0000000100000000)
  eden space 48128K, 0% used [0x00000000d6100000,0x00000000d6100000,0x00000000d9000000)
  from space 5120K, 93% used [0x00000000d9500000,0x00000000d99add08,0x00000000d9a00000)
  to   space 5120K, 0% used [0x00000000d9000000,0x00000000d9000000,0x00000000d9500000)
 ParOldGen       total 80896K, used 29108K [0x0000000082200000, 0x0000000087100000, 0x00000000d6100000)
  object space 80896K, 35% used [0x0000000082200000,0x0000000083e6d0b0,0x0000000087100000)
 Metaspace       used 25649K, capacity 26384K, committed 26544K, reserved 1073152K
  class space    used 3533K, capacity 3719K, committed 3760K, reserved 1048576K
}
Event: 3.808 GC heap before
{Heap before GC invocations=6 (full 1):
 PSYoungGen      total 53248K, used 52817K [0x00000000d6100000, 0x00000000da500000, 0x0000000100000000)
  eden space 48128K, 99% used [0x00000000d6100000,0x00000000d8fe6a40,0x00000000d9000000)
  from space 5120K, 93% used [0x00000000d9500000,0x00000000d99add08,0x00000000d9a00000)
  to   space 5120K, 0% used [0x00000000d9000000,0x00000000d9000000,0x00000000d9500000)
 ParOldGen       total 80896K, used 29108K [0x0000000082200000, 0x0000000087100000, 0x00000000d6100000)
  object space 80896K, 35% used [0x0000000082200000,0x0000000083e6d0b0,0x0000000087100000)
 Metaspace       used 25656K, capacity 26384K, committed 26544K, reserved 1073152K
  class space    used 3533K, capacity 3719K, committed 3760K, reserved 1048576K
Event: 3.811 GC heap after
Heap after GC invocations=6 (full 1):
 PSYoungGen      total 53248K, used 4793K [0x00000000d6100000, 0x00000000dd880000, 0x0000000100000000)
  eden space 48128K, 0% used [0x00000000d6100000,0x00000000d6100000,0x00000000d9000000)
  from space 5120K, 93% used [0x00000000d9000000,0x00000000d94ae768,0x00000000d9500000)
  to   space 16896K, 0% used [0x00000000dc800000,0x00000000dc800000,0x00000000dd880000)
 ParOldGen       total 80896K, used 29116K [0x0000000082200000, 0x0000000087100000, 0x00000000d6100000)
  object space 80896K, 35% used [0x0000000082200000,0x0000000083e6f0b0,0x0000000087100000)
 Metaspace       used 25656K, capacity 26384K, committed 26544K, reserved 1073152K
  class space    used 3533K, capacity 3719K, committed 3760K, reserved 1048576K
}
Event: 3.825 GC heap before
{Heap before GC invocations=7 (full 1):
 PSYoungGen      total 53248K, used 52811K [0x00000000d6100000, 0x00000000dd880000, 0x0000000100000000)
  eden space 48128K, 99% used [0x00000000d6100000,0x00000000d8fe4520,0x00000000d9000000)
  from space 5120K, 93% used [0x00000000d9000000,0x00000000d94ae768,0x00000000d9500000)
  to   space 16896K, 0% used [0x00000000dc800000,0x00000000dc800000,0x00000000dd880000)
 ParOldGen       total 80896K, used 29116K [0x0000000082200000, 0x0000000087100000, 0x00000000d6100000)
  object space 80896K, 35% used [0x0000000082200000,0x0000000083e6f0b0,0x0000000087100000)
 Metaspace       used 25656K, capacity 26384K, committed 26544K, reserved 1073152K
  class space    used 3533K, capacity 3719K, committed 3760K, reserved 1048576K
Event: 3.828 GC heap after
Heap after GC invocations=7 (full 1):
 PSYoungGen      total 105984K, used 4820K [0x00000000d6100000, 0x00000000dd800000, 0x0000000100000000)
  eden space 89600K, 0% used [0x00000000d6100000,0x00000000d6100000,0x00000000db880000)
  from space 16384K, 29% used [0x00000000dc800000,0x00000000dccb50e0,0x00000000dd800000)
  to   space 15872K, 0% used [0x00000000db880000,0x00000000db880000,0x00000000dc800000)
 ParOldGen       total 80896K, used 29116K [0x0000000082200000, 0x0000000087100000, 0x00000000d6100000)
  object space 80896K, 35% used [0x0000000082200000,0x0000000083e6f0b0,0x0000000087100000)
 Metaspace       used 25656K, capacity 26384K, committed 26544K, reserved 1073152K
  class space    used 3533K, capacity 3719K, committed 3760K, reserved 1048576K
}
Event: 3.860 GC heap before
{Heap before GC invocations=8 (full 1):
 PSYoungGen      total 105984K, used 94299K [0x00000000d6100000, 0x00000000dd800000, 0x0000000100000000)
  eden space 89600K, 99% used [0x00000000d6100000,0x00000000db861e18,0x00000000db880000)
  from space 16384K, 29% used [0x00000000dc800000,0x00000000dccb50e0,0x00000000dd800000)
  to   space 15872K, 0% used [0x00000000db880000,0x00000000db880000,0x00000000dc800000)
 ParOldGen       total 80896K, used 29116K [0x0000000082200000, 0x0000000087100000, 0x00000000d6100000)
  object space 80896K, 35% used [0x0000000082200000,0x0000000083e6f0b0,0x0000000087100000)
 Metaspace       used 25660K, capacity 26384K, committed 26544K, reserved 1073152K
  class space    used 3533K, capacity 3719K, committed 3760K, reserved 1048576K
Event: 3.864 GC heap after
Heap after GC invocations=8 (full 1):
 PSYoungGen      total 105472K, used 4891K [0x00000000d6100000, 0x00000000e2280000, 0x0000000100000000)
  eden space 89600K, 0% used [0x00000000d6100000,0x00000000d6100000,0x00000000db880000)
  from space 15872K, 30% used [0x00000000db880000,0x00000000dbd46d68,0x00000000dc800000)
  to   space 15360K, 0% used [0x00000000e1380000,0x00000000e1380000,0x00000000e2280000)
 ParOldGen       total 80896K, used 29116K [0x0000000082200000, 0x0000000087100000, 0x00000000d6100000)
  object space 80896K, 35% used [0x0000000082200000,0x0000000083e6f0b0,0x0000000087100000)
 Metaspace       used 25660K, capacity 26384K, committed 26544K, reserved 1073152K
  class space    used 3533K, capacity 3719K, committed 3760K, reserved 1048576K
}
Event: 6.633 GC heap before
{Heap before GC invocations=9 (full 1):
 PSYoungGen      total 105472K, used 94491K [0x00000000d6100000, 0x00000000e2280000, 0x0000000100000000)
  eden space 89600K, 100% used [0x00000000d6100000,0x00000000db880000,0x00000000db880000)
  from space 15872K, 30% used [0x00000000db880000,0x00000000dbd46d68,0x00000000dc800000)
  to   space 15360K, 0% used [0x00000000e1380000,0x00000000e1380000,0x00000000e2280000)
 ParOldGen       total 80896K, used 29116K [0x0000000082200000, 0x0000000087100000, 0x00000000d6100000)
  object space 80896K, 35% used [0x0000000082200000,0x0000000083e6f0b0,0x0000000087100000)
 Metaspace       used 30841K, capacity 31762K, committed 32048K, reserved 1077248K
  class space    used 4347K, capacity 4580K, committed 4656K, reserved 1048576K
Event: 6.648 GC heap after
Heap after GC invocations=9 (full 1):
 PSYoungGen      total 178688K, used 11925K [0x00000000d6100000, 0x00000000e2180000, 0x0000000100000000)
  eden space 164352K, 0% used [0x00000000d6100000,0x00000000d6100000,0x00000000e0180000)
  from space 14336K, 83% used [0x00000000e1380000,0x00000000e1f25680,0x00000000e2180000)
  to   space 16384K, 0% used [0x00000000e0180000,0x00000000e0180000,0x00000000e1180000)
 ParOldGen       total 80896K, used 33699K [0x0000000082200000, 0x0000000087100000, 0x00000000d6100000)
  object space 80896K, 41% used [0x0000000082200000,0x00000000842e8ce8,0x0000000087100000)
 Metaspace       used 30841K, capacity 31762K, committed 32048K, reserved 1077248K
  class space    used 4347K, capacity 4580K, committed 4656K, reserved 1048576K
}

