# JRE version: Java(TM) SE Runtime Environment (8.0_111-b14) (build 1.8.0_111-b14)
# Java VM: Java HotSpot(TM) 64-Bit Server VM (25.111-b14 mixed mode windows-amd64 compressed oops)
Heap:
 PSYoungGen      total 338432K, used 189599K [0x00000000d6100000, 0x00000000f5b80000, 0x0000000100000000)
  eden space 315392K, 57% used [0x00000000d6100000,0x00000000e1098308,0x00000000e9500000)
  from space 23040K, 42% used [0x00000000e9500000,0x00000000e9e8fa70,0x00000000eab80000)
  to   space 22528K, 0% used [0x00000000f4580000,0x00000000f4580000,0x00000000f5b80000)
 ParOldGen       total 80384K, used 53404K [0x0000000082200000, 0x0000000087080000, 0x00000000d6100000)
  object space 80384K, 66% used [0x0000000082200000,0x0000000085627388,0x0000000087080000)
 Metaspace       used 33110K, capacity 34368K, committed 34608K, reserved 1079296K
  class space    used 4365K, capacity 4653K, committed 4656K, reserved 1048576K
GC Heap History (10 events):
Event: 5.389 GC heap before
{Heap before GC invocations=8 (full 1):
 PSYoungGen      total 128512K, used 113222K [0x00000000d6100000, 0x00000000df300000, 0x0000000100000000)
  eden space 108544K, 100% used [0x00000000d6100000,0x00000000dcb00000,0x00000000dcb00000)
  from space 19968K, 23% used [0x00000000ddf80000,0x00000000de411ae0,0x00000000df300000)
  to   space 20480K, 0% used [0x00000000dcb00000,0x00000000dcb00000,0x00000000ddf00000)
 ParOldGen       total 80384K, used 34746K [0x0000000082200000, 0x0000000087080000, 0x00000000d6100000)
  object space 80384K, 43% used [0x0000000082200000,0x00000000843ee838,0x0000000087080000)
 Metaspace       used 25648K, capacity 26402K, committed 26544K, reserved 1073152K
  class space    used 3516K, capacity 3682K, committed 3760K, reserved 1048576K
Event: 5.395 GC heap after
Heap after GC invocations=8 (full 1):
 PSYoungGen      total 129024K, used 5155K [0x00000000d6100000, 0x00000000e5380000, 0x0000000100000000)
  eden space 108544K, 0% used [0x00000000d6100000,0x00000000d6100000,0x00000000dcb00000)
  from space 20480K, 25% used [0x00000000dcb00000,0x00000000dd008e78,0x00000000ddf00000)
  to   space 18944K, 0% used [0x00000000e4100000,0x00000000e4100000,0x00000000e5380000)
 ParOldGen       total 80384K, used 34746K [0x0000000082200000, 0x0000000087080000, 0x00000000d6100000)
  object space 80384K, 43% used [0x0000000082200000,0x00000000843ee838,0x0000000087080000)
 Metaspace       used 25648K, capacity 26402K, committed 26544K, reserved 1073152K
  class space    used 3516K, capacity 3682K, committed 3760K, reserved 1048576K
}
Event: 10.353 GC heap before
{Heap before GC invocations=9 (full 1):
 PSYoungGen      total 129024K, used 113699K [0x00000000d6100000, 0x00000000e5380000, 0x0000000100000000)
  eden space 108544K, 100% used [0x00000000d6100000,0x00000000dcb00000,0x00000000dcb00000)
  from space 20480K, 25% used [0x00000000dcb00000,0x00000000dd008e78,0x00000000ddf00000)
  to   space 18944K, 0% used [0x00000000e4100000,0x00000000e4100000,0x00000000e5380000)
 ParOldGen       total 80384K, used 34746K [0x0000000082200000, 0x0000000087080000, 0x00000000d6100000)
  object space 80384K, 43% used [0x0000000082200000,0x00000000843ee838,0x0000000087080000)
 Metaspace       used 30134K, capacity 31076K, committed 31408K, reserved 1077248K
  class space    used 3984K, capacity 4215K, committed 4272K, reserved 1048576K
Event: 10.369 GC heap after
Heap after GC invocations=9 (full 1):
 PSYoungGen      total 225792K, used 17987K [0x00000000d6100000, 0x00000000e5800000, 0x0000000100000000)
  eden space 206848K, 0% used [0x00000000d6100000,0x00000000d6100000,0x00000000e2b00000)
  from space 18944K, 94% used [0x00000000e4100000,0x00000000e5290c28,0x00000000e5380000)
  to   space 22528K, 0% used [0x00000000e2b00000,0x00000000e2b00000,0x00000000e4100000)
 ParOldGen       total 80384K, used 39194K [0x0000000082200000, 0x0000000087080000, 0x00000000d6100000)
  object space 80384K, 48% used [0x0000000082200000,0x0000000084846860,0x0000000087080000)
 Metaspace       used 30134K, capacity 31076K, committed 31408K, reserved 1077248K
  class space    used 3984K, capacity 4215K, committed 4272K, reserved 1048576K
}
Event: 11.904 GC heap before
{Heap before GC invocations=10 (full 1):
 PSYoungGen      total 225792K, used 224835K [0x00000000d6100000, 0x00000000e5800000, 0x0000000100000000)
  eden space 206848K, 100% used [0x00000000d6100000,0x00000000e2b00000,0x00000000e2b00000)
  from space 18944K, 94% used [0x00000000e4100000,0x00000000e5290c28,0x00000000e5380000)
  to   space 22528K, 0% used [0x00000000e2b00000,0x00000000e2b00000,0x00000000e4100000)
 ParOldGen       total 80384K, used 39194K [0x0000000082200000, 0x0000000087080000, 0x00000000d6100000)
  object space 80384K, 48% used [0x0000000082200000,0x0000000084846860,0x0000000087080000)
 Metaspace       used 30612K, capacity 31544K, committed 31664K, reserved 1077248K
  class space    used 4026K, capacity 4261K, committed 4272K, reserved 1048576K
Event: 11.936 GC heap after
Heap after GC invocations=10 (full 1):
 PSYoungGen      total 229376K, used 14360K [0x00000000d6100000, 0x00000000ec580000, 0x0000000100000000)
  eden space 206848K, 0% used [0x00000000d6100000,0x00000000d6100000,0x00000000e2b00000)
  from space 22528K, 63% used [0x00000000e2b00000,0x00000000e39063c0,0x00000000e4100000)
  to   space 23040K, 0% used [0x00000000eaf00000,0x00000000eaf00000,0x00000000ec580000)
 ParOldGen       total 80384K, used 39202K [0x0000000082200000, 0x0000000087080000, 0x00000000d6100000)
  object space 80384K, 48% used [0x0000000082200000,0x0000000084848860,0x0000000087080000)
 Metaspace       used 30612K, capacity 31544K, committed 31664K, reserved 1077248K
  class space    used 4026K, capacity 4261K, committed 4272K, reserved 1048576K
}
Event: 20.237 GC heap before
{Heap before GC invocations=11 (full 1):
 PSYoungGen      total 229376K, used 221208K [0x00000000d6100000, 0x00000000ec580000, 0x0000000100000000)
  eden space 206848K, 100% used [0x00000000d6100000,0x00000000e2b00000,0x00000000e2b00000)
  from space 22528K, 63% used [0x00000000e2b00000,0x00000000e39063c0,0x00000000e4100000)
  to   space 23040K, 0% used [0x00000000eaf00000,0x00000000eaf00000,0x00000000ec580000)
 ParOldGen       total 80384K, used 39202K [0x0000000082200000, 0x0000000087080000, 0x00000000d6100000)
  object space 80384K, 48% used [0x0000000082200000,0x0000000084848860,0x0000000087080000)
 Metaspace       used 32502K, capacity 33634K, committed 33840K, reserved 1079296K
  class space    used 4352K, capacity 4612K, committed 4656K, reserved 1048576K
Event: 20.249 GC heap after
Heap after GC invocations=11 (full 1):
 PSYoungGen      total 334848K, used 945K [0x00000000d6100000, 0x00000000ec200000, 0x0000000100000000)
  eden space 315392K, 0% used [0x00000000d6100000,0x00000000d6100000,0x00000000e9500000)
  from space 19456K, 4% used [0x00000000eaf00000,0x00000000eafec6b0,0x00000000ec200000)
  to   space 23040K, 0% used [0x00000000e9500000,0x00000000e9500000,0x00000000eab80000)
 ParOldGen       total 80384K, used 52677K [0x0000000082200000, 0x0000000087080000, 0x00000000d6100000)
  object space 80384K, 65% used [0x0000000082200000,0x0000000085571468,0x0000000087080000)
 Metaspace       used 32502K, capacity 33634K, committed 33840K, reserved 1079296K
  class space    used 4352K, capacity 4612K, committed 4656K, reserved 1048576K
}
Event: 27.619 GC heap before
{Heap before GC invocations=12 (full 1):
 PSYoungGen      total 334848K, used 316337K [0x00000000d6100000, 0x00000000ec200000, 0x0000000100000000)
  eden space 315392K, 100% used [0x00000000d6100000,0x00000000e9500000,0x00000000e9500000)
  from space 19456K, 4% used [0x00000000eaf00000,0x00000000eafec6b0,0x00000000ec200000)
  to   space 23040K, 0% used [0x00000000e9500000,0x00000000e9500000,0x00000000eab80000)
 ParOldGen       total 80384K, used 52677K [0x0000000082200000, 0x0000000087080000, 0x00000000d6100000)
  object space 80384K, 65% used [0x0000000082200000,0x0000000085571468,0x0000000087080000)
 Metaspace       used 33020K, capacity 34254K, committed 34352K, reserved 1079296K
  class space    used 4357K, capacity 4618K, committed 4656K, reserved 1048576K
Event: 27.629 GC heap after
Heap after GC invocations=12 (full 1):
 PSYoungGen      total 338432K, used 9790K [0x00000000d6100000, 0x00000000f5b80000, 0x0000000100000000)
  eden space 315392K, 0% used [0x00000000d6100000,0x00000000d6100000,0x00000000e9500000)
  from space 23040K, 42% used [0x00000000e9500000,0x00000000e9e8fa70,0x00000000eab80000)
  to   space 22528K, 0% used [0x00000000f4580000,0x00000000f4580000,0x00000000f5b80000)
 ParOldGen       total 80384K, used 53404K [0x0000000082200000, 0x0000000087080000, 0x00000000d6100000)
  object space 80384K, 66% used [0x0000000082200000,0x0000000085627388,0x0000000087080000)
 Metaspace       used 33020K, capacity 34254K, committed 34352K, reserved 1079296K
  class space    used 4357K, capacity 4618K, committed 4656K, reserved 1048576K
}

