# JRE version: Java(TM) SE Runtime Environment (8.0_111-b14) (build 1.8.0_111-b14)
# Java VM: Java HotSpot(TM) 64-Bit Server VM (25.111-b14 mixed mode windows-amd64 compressed oops)
Heap:
 PSYoungGen      total 673792K, used 347924K [0x00000000d6100000, 0x00000000ffd80000, 0x0000000100000000)
  eden space 663040K, 52% used [0x00000000d6100000,0x00000000eb4b3ec8,0x00000000fe880000)
  from space 10752K, 14% used [0x00000000ff300000,0x00000000ff481a90,0x00000000ffd80000)
  to   space 10752K, 0% used [0x00000000fe880000,0x00000000fe880000,0x00000000ff300000)
 ParOldGen       total 103936K, used 45536K [0x0000000082200000, 0x0000000088780000, 0x00000000d6100000)
  object space 103936K, 43% used [0x0000000082200000,0x0000000084e780d0,0x0000000088780000)
 Metaspace       used 33531K, capacity 34604K, committed 34864K, reserved 1079296K
  class space    used 4282K, capacity 4531K, committed 4656K, reserved 1048576K
GC Heap History (10 events):
Event: 59.527 GC heap before
{Heap before GC invocations=26 (full 2):
 PSYoungGen      total 670208K, used 654912K [0x00000000d6100000, 0x00000000ffe80000, 0x0000000100000000)
  eden space 654848K, 100% used [0x00000000d6100000,0x00000000fe080000,0x00000000fe080000)
  from space 15360K, 0% used [0x00000000fe080000,0x00000000fe090000,0x00000000fef80000)
  to   space 14336K, 0% used [0x00000000ff080000,0x00000000ff080000,0x00000000ffe80000)
 ParOldGen       total 103936K, used 45171K [0x0000000082200000, 0x0000000088780000, 0x00000000d6100000)
  object space 103936K, 43% used [0x0000000082200000,0x0000000084e1ce10,0x0000000088780000)
 Metaspace       used 33519K, capacity 34604K, committed 34864K, reserved 1079296K
  class space    used 4281K, capacity 4531K, committed 4656K, reserved 1048576K
Event: 59.531 GC heap after
Heap after GC invocations=26 (full 2):
 PSYoungGen      total 671232K, used 128K [0x00000000d6100000, 0x00000000ffe00000, 0x0000000100000000)
  eden space 657408K, 0% used [0x00000000d6100000,0x00000000d6100000,0x00000000fe300000)
  from space 13824K, 0% used [0x00000000ff080000,0x00000000ff0a0000,0x00000000ffe00000)
  to   space 13824K, 0% used [0x00000000fe300000,0x00000000fe300000,0x00000000ff080000)
 ParOldGen       total 103936K, used 45179K [0x0000000082200000, 0x0000000088780000, 0x00000000d6100000)
  object space 103936K, 43% used [0x0000000082200000,0x0000000084e1ee10,0x0000000088780000)
 Metaspace       used 33519K, capacity 34604K, committed 34864K, reserved 1079296K
  class space    used 4281K, capacity 4531K, committed 4656K, reserved 1048576K
}
Event: 59.741 GC heap before
{Heap before GC invocations=27 (full 2):
 PSYoungGen      total 671232K, used 657536K [0x00000000d6100000, 0x00000000ffe00000, 0x0000000100000000)
  eden space 657408K, 100% used [0x00000000d6100000,0x00000000fe300000,0x00000000fe300000)
  from space 13824K, 0% used [0x00000000ff080000,0x00000000ff0a0000,0x00000000ffe00000)
  to   space 13824K, 0% used [0x00000000fe300000,0x00000000fe300000,0x00000000ff080000)
 ParOldGen       total 103936K, used 45180K [0x0000000082200000, 0x0000000088780000, 0x00000000d6100000)
  object space 103936K, 43% used [0x0000000082200000,0x0000000084e1f208,0x0000000088780000)
 Metaspace       used 33519K, capacity 34604K, committed 34864K, reserved 1079296K
  class space    used 4281K, capacity 4531K, committed 4656K, reserved 1048576K
Event: 59.742 GC heap after
Heap after GC invocations=27 (full 2):
 PSYoungGen      total 671232K, used 128K [0x00000000d6100000, 0x00000000ffe00000, 0x0000000100000000)
  eden space 657408K, 0% used [0x00000000d6100000,0x00000000d6100000,0x00000000fe300000)
  from space 13824K, 0% used [0x00000000fe300000,0x00000000fe320000,0x00000000ff080000)
  to   space 12800K, 0% used [0x00000000ff180000,0x00000000ff180000,0x00000000ffe00000)
 ParOldGen       total 103936K, used 45228K [0x0000000082200000, 0x0000000088780000, 0x00000000d6100000)
  object space 103936K, 43% used [0x0000000082200000,0x0000000084e2b208,0x0000000088780000)
 Metaspace       used 33519K, capacity 34604K, committed 34864K, reserved 1079296K
  class space    used 4281K, capacity 4531K, committed 4656K, reserved 1048576K
}
Event: 59.889 GC heap before
{Heap before GC invocations=28 (full 2):
 PSYoungGen      total 671232K, used 657536K [0x00000000d6100000, 0x00000000ffe00000, 0x0000000100000000)
  eden space 657408K, 100% used [0x00000000d6100000,0x00000000fe300000,0x00000000fe300000)
  from space 13824K, 0% used [0x00000000fe300000,0x00000000fe320000,0x00000000ff080000)
  to   space 12800K, 0% used [0x00000000ff180000,0x00000000ff180000,0x00000000ffe00000)
 ParOldGen       total 103936K, used 45436K [0x0000000082200000, 0x0000000088780000, 0x00000000d6100000)
  object space 103936K, 43% used [0x0000000082200000,0x0000000084e5f398,0x0000000088780000)
 Metaspace       used 33519K, capacity 34604K, committed 34864K, reserved 1079296K
  class space    used 4281K, capacity 4531K, committed 4656K, reserved 1048576K
Event: 59.893 GC heap after
Heap after GC invocations=28 (full 2):
 PSYoungGen      total 672768K, used 96K [0x00000000d6100000, 0x00000000ffe00000, 0x0000000100000000)
  eden space 659968K, 0% used [0x00000000d6100000,0x00000000d6100000,0x00000000fe580000)
  from space 12800K, 0% used [0x00000000ff180000,0x00000000ff198000,0x00000000ffe00000)
  to   space 12288K, 0% used [0x00000000fe580000,0x00000000fe580000,0x00000000ff180000)
 ParOldGen       total 103936K, used 45444K [0x0000000082200000, 0x0000000088780000, 0x00000000d6100000)
  object space 103936K, 43% used [0x0000000082200000,0x0000000084e61398,0x0000000088780000)
 Metaspace       used 33519K, capacity 34604K, committed 34864K, reserved 1079296K
  class space    used 4281K, capacity 4531K, committed 4656K, reserved 1048576K
}
Event: 60.007 GC heap before
{Heap before GC invocations=29 (full 2):
 PSYoungGen      total 672768K, used 660064K [0x00000000d6100000, 0x00000000ffe00000, 0x0000000100000000)
  eden space 659968K, 100% used [0x00000000d6100000,0x00000000fe580000,0x00000000fe580000)
  from space 12800K, 0% used [0x00000000ff180000,0x00000000ff198000,0x00000000ffe00000)
  to   space 12288K, 0% used [0x00000000fe580000,0x00000000fe580000,0x00000000ff180000)
 ParOldGen       total 103936K, used 45512K [0x0000000082200000, 0x0000000088780000, 0x00000000d6100000)
  object space 103936K, 43% used [0x0000000082200000,0x0000000084e720d0,0x0000000088780000)
 Metaspace       used 33519K, capacity 34604K, committed 34864K, reserved 1079296K
  class space    used 4281K, capacity 4531K, committed 4656K, reserved 1048576K
Event: 60.008 GC heap after
Heap after GC invocations=29 (full 2):
 PSYoungGen      total 672256K, used 96K [0x00000000d6100000, 0x00000000ffe80000, 0x0000000100000000)
  eden space 659968K, 0% used [0x00000000d6100000,0x00000000d6100000,0x00000000fe580000)
  from space 12288K, 0% used [0x00000000fe580000,0x00000000fe598000,0x00000000ff180000)
  to   space 11776K, 0% used [0x00000000ff300000,0x00000000ff300000,0x00000000ffe80000)
 ParOldGen       total 103936K, used 45528K [0x0000000082200000, 0x0000000088780000, 0x00000000d6100000)
  object space 103936K, 43% used [0x0000000082200000,0x0000000084e760d0,0x0000000088780000)
 Metaspace       used 33519K, capacity 34604K, committed 34864K, reserved 1079296K
  class space    used 4281K, capacity 4531K, committed 4656K, reserved 1048576K
}
Event: 60.183 GC heap before
{Heap before GC invocations=30 (full 2):
 PSYoungGen      total 672256K, used 660064K [0x00000000d6100000, 0x00000000ffe80000, 0x0000000100000000)
  eden space 659968K, 100% used [0x00000000d6100000,0x00000000fe580000,0x00000000fe580000)
  from space 12288K, 0% used [0x00000000fe580000,0x00000000fe598000,0x00000000ff180000)
  to   space 11776K, 0% used [0x00000000ff300000,0x00000000ff300000,0x00000000ffe80000)
 ParOldGen       total 103936K, used 45528K [0x0000000082200000, 0x0000000088780000, 0x00000000d6100000)
  object space 103936K, 43% used [0x0000000082200000,0x0000000084e760d0,0x0000000088780000)
 Metaspace       used 33531K, capacity 34604K, committed 34864K, reserved 1079296K
  class space    used 4282K, capacity 4531K, committed 4656K, reserved 1048576K
Event: 60.189 GC heap after
Heap after GC invocations=30 (full 2):
 PSYoungGen      total 673792K, used 1542K [0x00000000d6100000, 0x00000000ffd80000, 0x0000000100000000)
  eden space 663040K, 0% used [0x00000000d6100000,0x00000000d6100000,0x00000000fe880000)
  from space 10752K, 14% used [0x00000000ff300000,0x00000000ff481a90,0x00000000ffd80000)
  to   space 10752K, 0% used [0x00000000fe880000,0x00000000fe880000,0x00000000ff300000)
 ParOldGen       total 103936K, used 45536K [0x0000000082200000, 0x0000000088780000, 0x00000000d6100000)
  object space 103936K, 43% used [0x0000000082200000,0x0000000084e780d0,0x0000000088780000)
 Metaspace       used 33531K, capacity 34604K, committed 34864K, reserved 1079296K
  class space    used 4282K, capacity 4531K, committed 4656K, reserved 1048576K
}

