# JRE version: Java(TM) SE Runtime Environment (8.0_111-b14) (build 1.8.0_111-b14)
# Java VM: Java HotSpot(TM) 64-Bit Server VM (25.111-b14 mixed mode windows-amd64 compressed oops)
Heap:
 PSYoungGen      total 186880K, used 164063K [0x00000000d6100000, 0x00000000e8200000, 0x0000000100000000)
  eden space 169472K, 86% used [0x00000000d6100000,0x00000000df039640,0x00000000e0680000)
  from space 17408K, 99% used [0x00000000e0680000,0x00000000e177e6f8,0x00000000e1780000)
  to   space 19968K, 0% used [0x00000000e6e80000,0x00000000e6e80000,0x00000000e8200000)
 ParOldGen       total 82432K, used 41314K [0x0000000082200000, 0x0000000087280000, 0x00000000d6100000)
  object space 82432K, 50% used [0x0000000082200000,0x0000000084a588a8,0x0000000087280000)
 Metaspace       used 32959K, capacity 34122K, committed 34224K, reserved 1079296K
  class space    used 4490K, capacity 4774K, committed 4784K, reserved 1048576K
GC Heap History (10 events):
Event: 3.592 GC heap before
{Heap before GC invocations=6 (full 1):
 PSYoungGen      total 53248K, used 53200K [0x00000000d6100000, 0x00000000da580000, 0x0000000100000000)
  eden space 48128K, 99% used [0x00000000d6100000,0x00000000d8ff47e8,0x00000000d9000000)
  from space 5120K, 99% used [0x00000000d9500000,0x00000000d99ffbe0,0x00000000d9a00000)
  to   space 5120K, 0% used [0x00000000d9000000,0x00000000d9000000,0x00000000d9500000)
 ParOldGen       total 82432K, used 30350K [0x0000000082200000, 0x0000000087280000, 0x00000000d6100000)
  object space 82432K, 36% used [0x0000000082200000,0x0000000083fa3b18,0x0000000087280000)
 Metaspace       used 25743K, capacity 26482K, committed 26544K, reserved 1073152K
  class space    used 3543K, capacity 3728K, committed 3760K, reserved 1048576K
Event: 3.597 GC heap after
Heap after GC invocations=6 (full 1):
 PSYoungGen      total 53248K, used 5118K [0x00000000d6100000, 0x00000000ddb80000, 0x0000000100000000)
  eden space 48128K, 0% used [0x00000000d6100000,0x00000000d6100000,0x00000000d9000000)
  from space 5120K, 99% used [0x00000000d9000000,0x00000000d94ffbe0,0x00000000d9500000)
  to   space 17408K, 0% used [0x00000000dca80000,0x00000000dca80000,0x00000000ddb80000)
 ParOldGen       total 82432K, used 34582K [0x0000000082200000, 0x0000000087280000, 0x00000000d6100000)
  object space 82432K, 41% used [0x0000000082200000,0x00000000843c5a18,0x0000000087280000)
 Metaspace       used 25743K, capacity 26482K, committed 26544K, reserved 1073152K
  class space    used 3543K, capacity 3728K, committed 3760K, reserved 1048576K
}
Event: 3.611 GC heap before
{Heap before GC invocations=7 (full 1):
 PSYoungGen      total 53248K, used 53170K [0x00000000d6100000, 0x00000000ddb80000, 0x0000000100000000)
  eden space 48128K, 99% used [0x00000000d6100000,0x00000000d8fecc80,0x00000000d9000000)
  from space 5120K, 99% used [0x00000000d9000000,0x00000000d94ffbe0,0x00000000d9500000)
  to   space 17408K, 0% used [0x00000000dca80000,0x00000000dca80000,0x00000000ddb80000)
 ParOldGen       total 82432K, used 34582K [0x0000000082200000, 0x0000000087280000, 0x00000000d6100000)
  object space 82432K, 41% used [0x0000000082200000,0x00000000843c5a18,0x0000000087280000)
 Metaspace       used 25746K, capacity 26482K, committed 26544K, reserved 1073152K
  class space    used 3543K, capacity 3728K, committed 3760K, reserved 1048576K
Event: 3.616 GC heap after
Heap after GC invocations=7 (full 1):
 PSYoungGen      total 107520K, used 13480K [0x00000000d6100000, 0x00000000dde00000, 0x0000000100000000)
  eden space 90112K, 0% used [0x00000000d6100000,0x00000000d6100000,0x00000000db900000)
  from space 17408K, 77% used [0x00000000dca80000,0x00000000dd7aa0b8,0x00000000ddb80000)
  to   space 17920K, 0% used [0x00000000db900000,0x00000000db900000,0x00000000dca80000)
 ParOldGen       total 82432K, used 34590K [0x0000000082200000, 0x0000000087280000, 0x00000000d6100000)
  object space 82432K, 41% used [0x0000000082200000,0x00000000843c7a18,0x0000000087280000)
 Metaspace       used 25746K, capacity 26482K, committed 26544K, reserved 1073152K
  class space    used 3543K, capacity 3728K, committed 3760K, reserved 1048576K
}
Event: 3.643 GC heap before
{Heap before GC invocations=8 (full 1):
 PSYoungGen      total 107520K, used 103459K [0x00000000d6100000, 0x00000000dde00000, 0x0000000100000000)
  eden space 90112K, 99% used [0x00000000d6100000,0x00000000db8dee68,0x00000000db900000)
  from space 17408K, 77% used [0x00000000dca80000,0x00000000dd7aa0b8,0x00000000ddb80000)
  to   space 17920K, 0% used [0x00000000db900000,0x00000000db900000,0x00000000dca80000)
 ParOldGen       total 82432K, used 34590K [0x0000000082200000, 0x0000000087280000, 0x00000000d6100000)
  object space 82432K, 41% used [0x0000000082200000,0x00000000843c7a18,0x0000000087280000)
 Metaspace       used 25746K, capacity 26482K, committed 26544K, reserved 1073152K
  class space    used 3543K, capacity 3728K, committed 3760K, reserved 1048576K
Event: 3.648 GC heap after
Heap after GC invocations=8 (full 1):
 PSYoungGen      total 108032K, used 13551K [0x00000000d6100000, 0x00000000e2c00000, 0x0000000100000000)
  eden space 90112K, 0% used [0x00000000d6100000,0x00000000d6100000,0x00000000db900000)
  from space 17920K, 75% used [0x00000000db900000,0x00000000dc63bf58,0x00000000dca80000)
  to   space 17920K, 0% used [0x00000000e1a80000,0x00000000e1a80000,0x00000000e2c00000)
 ParOldGen       total 82432K, used 34590K [0x0000000082200000, 0x0000000087280000, 0x00000000d6100000)
  object space 82432K, 41% used [0x0000000082200000,0x00000000843c7a18,0x0000000087280000)
 Metaspace       used 25746K, capacity 26482K, committed 26544K, reserved 1073152K
  class space    used 3543K, capacity 3728K, committed 3760K, reserved 1048576K
}
Event: 6.058 GC heap before
{Heap before GC invocations=9 (full 1):
 PSYoungGen      total 108032K, used 103663K [0x00000000d6100000, 0x00000000e2c00000, 0x0000000100000000)
  eden space 90112K, 100% used [0x00000000d6100000,0x00000000db900000,0x00000000db900000)
  from space 17920K, 75% used [0x00000000db900000,0x00000000dc63bf58,0x00000000dca80000)
  to   space 17920K, 0% used [0x00000000e1a80000,0x00000000e1a80000,0x00000000e2c00000)
 ParOldGen       total 82432K, used 34590K [0x0000000082200000, 0x0000000087280000, 0x00000000d6100000)
  object space 82432K, 41% used [0x0000000082200000,0x00000000843c7a18,0x0000000087280000)
 Metaspace       used 30875K, capacity 31878K, committed 32048K, reserved 1077248K
  class space    used 4334K, capacity 4578K, committed 4656K, reserved 1048576K
Event: 6.072 GC heap after
Heap after GC invocations=9 (full 1):
 PSYoungGen      total 183808K, used 12274K [0x00000000d6100000, 0x00000000e2880000, 0x0000000100000000)
  eden space 169472K, 0% used [0x00000000d6100000,0x00000000d6100000,0x00000000e0680000)
  from space 14336K, 85% used [0x00000000e1a80000,0x00000000e267c890,0x00000000e2880000)
  to   space 17408K, 0% used [0x00000000e0680000,0x00000000e0680000,0x00000000e1780000)
 ParOldGen       total 82432K, used 39677K [0x0000000082200000, 0x0000000087280000, 0x00000000d6100000)
  object space 82432K, 48% used [0x0000000082200000,0x00000000848bf628,0x0000000087280000)
 Metaspace       used 30875K, capacity 31878K, committed 32048K, reserved 1077248K
  class space    used 4334K, capacity 4578K, committed 4656K, reserved 1048576K
}
Event: 11.013 GC heap before
{Heap before GC invocations=10 (full 1):
 PSYoungGen      total 183808K, used 181746K [0x00000000d6100000, 0x00000000e2880000, 0x0000000100000000)
  eden space 169472K, 100% used [0x00000000d6100000,0x00000000e0680000,0x00000000e0680000)
  from space 14336K, 85% used [0x00000000e1a80000,0x00000000e267c890,0x00000000e2880000)
  to   space 17408K, 0% used [0x00000000e0680000,0x00000000e0680000,0x00000000e1780000)
 ParOldGen       total 82432K, used 39677K [0x0000000082200000, 0x0000000087280000, 0x00000000d6100000)
  object space 82432K, 48% used [0x0000000082200000,0x00000000848bf628,0x0000000087280000)
 Metaspace       used 32695K, capacity 33824K, committed 33968K, reserved 1079296K
  class space    used 4466K, capacity 4725K, committed 4784K, reserved 1048576K
Event: 11.026 GC heap after
Heap after GC invocations=10 (full 1):
 PSYoungGen      total 186880K, used 17401K [0x00000000d6100000, 0x00000000e8200000, 0x0000000100000000)
  eden space 169472K, 0% used [0x00000000d6100000,0x00000000d6100000,0x00000000e0680000)
  from space 17408K, 99% used [0x00000000e0680000,0x00000000e177e6f8,0x00000000e1780000)
  to   space 19968K, 0% used [0x00000000e6e80000,0x00000000e6e80000,0x00000000e8200000)
 ParOldGen       total 82432K, used 41314K [0x0000000082200000, 0x0000000087280000, 0x00000000d6100000)
  object space 82432K, 50% used [0x0000000082200000,0x0000000084a588a8,0x0000000087280000)
 Metaspace       used 32695K, capacity 33824K, committed 33968K, reserved 1079296K
  class space    used 4466K, capacity 4725K, committed 4784K, reserved 1048576K
}

