# JRE version: Java(TM) SE Runtime Environment (8.0_111-b14) (build 1.8.0_111-b14)
# Java VM: Java HotSpot(TM) 64-Bit Server VM (25.111-b14 mixed mode windows-amd64 compressed oops)
Heap:
 PSYoungGen      total 119808K, used 78015K [0x00000000d6100000, 0x00000000e3f80000, 0x0000000100000000)
  eden space 99328K, 73% used [0x00000000d6100000,0x00000000da86cee0,0x00000000dc200000)
  from space 20480K, 23% used [0x00000000dc200000,0x00000000dc6c2f80,0x00000000dd600000)
  to   space 18944K, 0% used [0x00000000e2d00000,0x00000000e2d00000,0x00000000e3f80000)
 ParOldGen       total 83456K, used 29577K [0x0000000082200000, 0x0000000087380000, 0x00000000d6100000)
  object space 83456K, 35% used [0x0000000082200000,0x0000000083ee2720,0x0000000087380000)
 Metaspace       used 31232K, capacity 32206K, committed 32560K, reserved 1077248K
  class space    used 4341K, capacity 4580K, committed 4656K, reserved 1048576K
GC Heap History (10 events):
Event: 3.467 GC heap before
{Heap before GC invocations=4 (full 1):
 PSYoungGen      total 37888K, used 32730K [0x00000000d6100000, 0x00000000dab00000, 0x0000000100000000)
  eden space 32768K, 99% used [0x00000000d6100000,0x00000000d80f69f8,0x00000000d8100000)
  from space 5120K, 0% used [0x00000000d8600000,0x00000000d8600000,0x00000000d8b00000)
  to   space 5120K, 0% used [0x00000000d8100000,0x00000000d8100000,0x00000000d8600000)
 ParOldGen       total 83456K, used 17220K [0x0000000082200000, 0x0000000087380000, 0x00000000d6100000)
  object space 83456K, 20% used [0x0000000082200000,0x00000000832d13b0,0x0000000087380000)
 Metaspace       used 25619K, capacity 26350K, committed 26544K, reserved 1073152K
  class space    used 3523K, capacity 3686K, committed 3760K, reserved 1048576K
Event: 3.475 GC heap after
Heap after GC invocations=4 (full 1):
 PSYoungGen      total 37888K, used 4796K [0x00000000d6100000, 0x00000000d9d80000, 0x0000000100000000)
  eden space 32768K, 0% used [0x00000000d6100000,0x00000000d6100000,0x00000000d8100000)
  from space 5120K, 93% used [0x00000000d8100000,0x00000000d85af058,0x00000000d8600000)
  to   space 5120K, 0% used [0x00000000d9880000,0x00000000d9880000,0x00000000d9d80000)
 ParOldGen       total 83456K, used 29561K [0x0000000082200000, 0x0000000087380000, 0x00000000d6100000)
  object space 83456K, 35% used [0x0000000082200000,0x0000000083ede720,0x0000000087380000)
 Metaspace       used 25619K, capacity 26350K, committed 26544K, reserved 1073152K
  class space    used 3523K, capacity 3686K, committed 3760K, reserved 1048576K
}
Event: 3.491 GC heap before
{Heap before GC invocations=5 (full 1):
 PSYoungGen      total 37888K, used 37543K [0x00000000d6100000, 0x00000000d9d80000, 0x0000000100000000)
  eden space 32768K, 99% used [0x00000000d6100000,0x00000000d80fac98,0x00000000d8100000)
  from space 5120K, 93% used [0x00000000d8100000,0x00000000d85af058,0x00000000d8600000)
  to   space 5120K, 0% used [0x00000000d9880000,0x00000000d9880000,0x00000000d9d80000)
 ParOldGen       total 83456K, used 29561K [0x0000000082200000, 0x0000000087380000, 0x00000000d6100000)
  object space 83456K, 35% used [0x0000000082200000,0x0000000083ede720,0x0000000087380000)
 Metaspace       used 25629K, capacity 26352K, committed 26544K, reserved 1073152K
  class space    used 3525K, capacity 3687K, committed 3760K, reserved 1048576K
Event: 3.495 GC heap after
Heap after GC invocations=5 (full 1):
 PSYoungGen      total 56832K, used 4737K [0x00000000d6100000, 0x00000000da600000, 0x0000000100000000)
  eden space 51712K, 0% used [0x00000000d6100000,0x00000000d6100000,0x00000000d9380000)
  from space 5120K, 92% used [0x00000000d9880000,0x00000000d9d205b0,0x00000000d9d80000)
  to   space 5120K, 0% used [0x00000000d9380000,0x00000000d9380000,0x00000000d9880000)
 ParOldGen       total 83456K, used 29569K [0x0000000082200000, 0x0000000087380000, 0x00000000d6100000)
  object space 83456K, 35% used [0x0000000082200000,0x0000000083ee0720,0x0000000087380000)
 Metaspace       used 25629K, capacity 26352K, committed 26544K, reserved 1073152K
  class space    used 3525K, capacity 3687K, committed 3760K, reserved 1048576K
}
Event: 3.516 GC heap before
{Heap before GC invocations=6 (full 1):
 PSYoungGen      total 56832K, used 56412K [0x00000000d6100000, 0x00000000da600000, 0x0000000100000000)
  eden space 51712K, 99% used [0x00000000d6100000,0x00000000d9376c48,0x00000000d9380000)
  from space 5120K, 92% used [0x00000000d9880000,0x00000000d9d205b0,0x00000000d9d80000)
  to   space 5120K, 0% used [0x00000000d9380000,0x00000000d9380000,0x00000000d9880000)
 ParOldGen       total 83456K, used 29569K [0x0000000082200000, 0x0000000087380000, 0x00000000d6100000)
  object space 83456K, 35% used [0x0000000082200000,0x0000000083ee0720,0x0000000087380000)
 Metaspace       used 25638K, capacity 26352K, committed 26544K, reserved 1073152K
  class space    used 3525K, capacity 3687K, committed 3760K, reserved 1048576K
Event: 3.522 GC heap after
Heap after GC invocations=6 (full 1):
 PSYoungGen      total 56832K, used 4710K [0x00000000d6100000, 0x00000000deb00000, 0x0000000100000000)
  eden space 51712K, 0% used [0x00000000d6100000,0x00000000d6100000,0x00000000d9380000)
  from space 5120K, 91% used [0x00000000d9380000,0x00000000d9819818,0x00000000d9880000)
  to   space 21504K, 0% used [0x00000000dd600000,0x00000000dd600000,0x00000000deb00000)
 ParOldGen       total 83456K, used 29569K [0x0000000082200000, 0x0000000087380000, 0x00000000d6100000)
  object space 83456K, 35% used [0x0000000082200000,0x0000000083ee0720,0x0000000087380000)
 Metaspace       used 25638K, capacity 26352K, committed 26544K, reserved 1073152K
  class space    used 3525K, capacity 3687K, committed 3760K, reserved 1048576K
}
Event: 3.538 GC heap before
{Heap before GC invocations=7 (full 1):
 PSYoungGen      total 56832K, used 56350K [0x00000000d6100000, 0x00000000deb00000, 0x0000000100000000)
  eden space 51712K, 99% used [0x00000000d6100000,0x00000000d936e108,0x00000000d9380000)
  from space 5120K, 91% used [0x00000000d9380000,0x00000000d9819818,0x00000000d9880000)
  to   space 21504K, 0% used [0x00000000dd600000,0x00000000dd600000,0x00000000deb00000)
 ParOldGen       total 83456K, used 29569K [0x0000000082200000, 0x0000000087380000, 0x00000000d6100000)
  object space 83456K, 35% used [0x0000000082200000,0x0000000083ee0720,0x0000000087380000)
 Metaspace       used 25647K, capacity 26352K, committed 26544K, reserved 1073152K
  class space    used 3525K, capacity 3687K, committed 3760K, reserved 1048576K
Event: 3.541 GC heap after
Heap after GC invocations=7 (full 1):
 PSYoungGen      total 119808K, used 4769K [0x00000000d6100000, 0x00000000dea00000, 0x0000000100000000)
  eden space 99328K, 0% used [0x00000000d6100000,0x00000000d6100000,0x00000000dc200000)
  from space 20480K, 23% used [0x00000000dd600000,0x00000000ddaa86e8,0x00000000dea00000)
  to   space 20480K, 0% used [0x00000000dc200000,0x00000000dc200000,0x00000000dd600000)
 ParOldGen       total 83456K, used 29577K [0x0000000082200000, 0x0000000087380000, 0x00000000d6100000)
  object space 83456K, 35% used [0x0000000082200000,0x0000000083ee2720,0x0000000087380000)
 Metaspace       used 25647K, capacity 26352K, committed 26544K, reserved 1073152K
  class space    used 3525K, capacity 3687K, committed 3760K, reserved 1048576K
}
Event: 3.581 GC heap before
{Heap before GC invocations=8 (full 1):
 PSYoungGen      total 119808K, used 104092K [0x00000000d6100000, 0x00000000dea00000, 0x0000000100000000)
  eden space 99328K, 99% used [0x00000000d6100000,0x00000000dc1feb80,0x00000000dc200000)
  from space 20480K, 23% used [0x00000000dd600000,0x00000000ddaa86e8,0x00000000dea00000)
  to   space 20480K, 0% used [0x00000000dc200000,0x00000000dc200000,0x00000000dd600000)
 ParOldGen       total 83456K, used 29577K [0x0000000082200000, 0x0000000087380000, 0x00000000d6100000)
  object space 83456K, 35% used [0x0000000082200000,0x0000000083ee2720,0x0000000087380000)
 Metaspace       used 25675K, capacity 26448K, committed 26800K, reserved 1073152K
  class space    used 3528K, capacity 3719K, committed 3760K, reserved 1048576K
Event: 3.584 GC heap after
Heap after GC invocations=8 (full 1):
 PSYoungGen      total 119808K, used 4875K [0x00000000d6100000, 0x00000000e3f80000, 0x0000000100000000)
  eden space 99328K, 0% used [0x00000000d6100000,0x00000000d6100000,0x00000000dc200000)
  from space 20480K, 23% used [0x00000000dc200000,0x00000000dc6c2f80,0x00000000dd600000)
  to   space 18944K, 0% used [0x00000000e2d00000,0x00000000e2d00000,0x00000000e3f80000)
 ParOldGen       total 83456K, used 29577K [0x0000000082200000, 0x0000000087380000, 0x00000000d6100000)
  object space 83456K, 35% used [0x0000000082200000,0x0000000083ee2720,0x0000000087380000)
 Metaspace       used 25675K, capacity 26448K, committed 26800K, reserved 1073152K
  class space    used 3528K, capacity 3719K, committed 3760K, reserved 1048576K
}

